#
# A fatal error has been detected by the Java Runtime Environment:
#
#  EXCEPTION_ACCESS_VIOLATION (0xc0000005) at pc=0x0000000012372410, pid=6320, tid=5600
#
# JRE version: Java(TM) SE Runtime Environment (8.0_11-b12) (build 1.8.0_11-b12)
# Java VM: Java HotSpot(TM) 64-Bit Server VM (25.11-b03 mixed mode windows-amd64 compressed oops)
# Problematic frame:
# C  0x0000000012372410
#
# Failed to write core dump. Minidumps are not enabled by default on client versions of Windows
#
# If you would like to submit a bug report, please visit:
#   http://bugreport.sun.com/bugreport/crash.jsp
# The crash happened outside the Java Virtual Machine in native code.
# See problematic frame for where to report the bug.
#

---------------  T H R E A D  ---------------

Current thread (0x0000000059918800):  JavaThread "Thread-1" [_thread_in_native, id=5600, stack(0x000000005d1a0000,0x000000005d2a0000)]

siginfo: ExceptionCode=0xc0000005, ExceptionInformation=0x0000000000000008 0x0000000012372410

Registers:
RAX=0x0000000016e126b8, RBX=0x000000008017d710, RCX=0x00000000599189e0, RDX=0x000000005d29f4b0
RSP=0x000000005d29f488, RBP=0x000000005d29f4f0, RSI=0x0000000000000000, RDI=0x0000000000000000
R8 =0x0000000000000000, R9 =0x000000005d29f4c0, R10=0x0000000002b712cf, R11=0x000000008017d2b8
R12=0x0000000000000000, R13=0x000000008026a238, R14=0x0000000000000000, R15=0x0000000059918800
RIP=0x0000000012372410, EFLAGS=0x0000000000010246

Top of Stack: (sp=0x000000005d29f488)
0x000000005d29f488:   0000000002b7134d 000000005990d330
0x000000005d29f498:   0000000069f4bea2 0000000059918800
0x000000005d29f4a8:   0000000000000000 0000000080263d40
0x000000005d29f4b8:   0000000016e126b8 00000000d592b1c0
0x000000005d29f4c8:   0000000069f45c55 0000000000000474
0x000000005d29f4d8:   00000000fffffffd 0000000000000000
0x000000005d29f4e8:   0000000002c243b8 000000008017cde0
0x000000005d29f4f8:   0000000002c26a98 000000008026a238
0x000000005d29f508:   000000008001c510 0000000000000000
0x000000005d29f518:   000000008001c510 0000000059918800
0x000000005d29f528:   0000000069fcc885 00000000fffffffd
0x000000005d29f538:   00000000020c5d20 000000008017d2b8
0x000000005d29f548:   0000000002c9ef08 0000000059918800
0x000000005d29f558:   0000000000000001 000000005d29f5b9
0x000000005d29f568:   0000000069eca151 0000000080263d40
0x000000005d29f578:   000000008026a238 0000000000000000 

Instructions: (pc=0x0000000012372410)
0x00000000123723f0:   
[error occurred during error reporting (printing registers, top of stack, instructions near pc), id 0xc0000005]

Register to memory mapping:

RAX=0x0000000016e126b8 is an unknown value
RBX=0x000000008017d710 is an oop
java.lang.Class 
 - klass: 'java/lang/Class'
RCX=0x00000000599189e0 is an unknown value
RDX=0x000000005d29f4b0 is pointing into the stack for thread: 0x0000000059918800
RSP=0x000000005d29f488 is pointing into the stack for thread: 0x0000000059918800
RBP=0x000000005d29f4f0 is pointing into the stack for thread: 0x0000000059918800
RSI=0x0000000000000000 is an unknown value
RDI=0x0000000000000000 is an unknown value
R8 =0x0000000000000000 is an unknown value
R9 =0x000000005d29f4c0 is pointing into the stack for thread: 0x0000000059918800
R10=0x0000000002b712cf is at entry_point+79 in (nmethod*)0x0000000002b71110
R11=0x000000008017d2b8 is an oop
java.lang.Class 
 - klass: 'java/lang/Class'
R12=0x0000000000000000 is an unknown value
R13=0x000000008026a238 is an oop
java.lang.reflect.Method 
 - klass: 'java/lang/reflect/Method'
R14=0x0000000000000000 is an unknown value
R15=0x0000000059918800 is a thread


Stack: [0x000000005d1a0000,0x000000005d2a0000],  sp=0x000000005d29f488,  free space=1021k
Native frames: (J=compiled Java code, j=interpreted, Vv=VM code, C=native code)
C  0x0000000012372410

Java frames: (J=compiled Java code, j=interpreted, Vv=VM code)
J 637  com.sun.jna.Function.invokeInt(I[Ljava/lang/Object;)I (0 bytes) @ 0x0000000002b712cf [0x0000000002b71280+0x4f]
J 852 C2 com.sun.jna.Function.invoke([Ljava/lang/Object;Ljava/lang/Class;Z)Ljava/lang/Object; (1125 bytes) @ 0x0000000002c26a98 [0x0000000002c26a20+0x78]
J 981 C2 com.sun.jna.Function.invoke(Ljava/lang/Class;[Ljava/lang/Object;Ljava/util/Map;)Ljava/lang/Object; (526 bytes) @ 0x0000000002c9ef08 [0x0000000002c9e680+0x888]
J 742 C2 com.sun.jna.Library$Handler.invoke(Ljava/lang/Object;Ljava/lang/reflect/Method;[Ljava/lang/Object;)Ljava/lang/Object; (345 bytes) @ 0x0000000002bf96c4 [0x0000000002bf9240+0x484]
J 1471% C2 jhook.Keyboard.run()V (178 bytes) @ 0x0000000002da0c5c [0x0000000002da0ae0+0x17c]
v  ~StubRoutines::call_stub

---------------  P R O C E S S  ---------------

Java Threads: ( => current thread )
  0x0000000059ee6000 JavaThread "Thread-0" daemon [_thread_in_native, id=6384, stack(0x000000005c260000,0x000000005c360000)]
  0x000000000226f000 JavaThread "DestroyJavaVM" [_thread_blocked, id=6948, stack(0x0000000002510000,0x0000000002610000)]
  0x0000000059ee1000 JavaThread "TimerQueue" daemon [_thread_blocked, id=4212, stack(0x000000005f080000,0x000000005f180000)]
  0x0000000059ac9000 JavaThread "Thread-3" [_thread_blocked, id=4760, stack(0x000000005d9a0000,0x000000005daa0000)]
  0x0000000059951800 JavaThread "AWT-EventQueue-0" [_thread_blocked, id=6908, stack(0x000000005d830000,0x000000005d930000)]
=>0x0000000059918800 JavaThread "Thread-1" [_thread_in_native, id=5600, stack(0x000000005d1a0000,0x000000005d2a0000)]
  0x000000005918f800 JavaThread "AWT-Windows" daemon [_thread_in_native, id=6448, stack(0x0000000059400000,0x0000000059500000)]
  0x0000000059890800 JavaThread "AWT-Shutdown" [_thread_blocked, id=5776, stack(0x000000005a240000,0x000000005a340000)]
  0x000000005918e800 JavaThread "Java2D Disposer" daemon [_thread_blocked, id=6460, stack(0x000000005a070000,0x000000005a170000)]
  0x0000000058e0c800 JavaThread "Service Thread" daemon [_thread_blocked, id=5624, stack(0x0000000059590000,0x0000000059690000)]
  0x0000000058da5800 JavaThread "C1 CompilerThread2" daemon [_thread_blocked, id=6580, stack(0x00000000592e0000,0x00000000593e0000)]
  0x0000000057697000 JavaThread "C2 CompilerThread1" daemon [_thread_blocked, id=6432, stack(0x00000000591e0000,0x00000000592e0000)]
  0x0000000057694000 JavaThread "C2 CompilerThread0" daemon [_thread_blocked, id=5500, stack(0x0000000058b50000,0x0000000058c50000)]
  0x0000000057692800 JavaThread "Attach Listener" daemon [_thread_blocked, id=556, stack(0x0000000058c90000,0x0000000058d90000)]
  0x000000005768f000 JavaThread "Signal Dispatcher" daemon [_thread_blocked, id=6408, stack(0x0000000058590000,0x0000000058690000)]
  0x0000000057633000 JavaThread "Finalizer" daemon [_thread_blocked, id=4384, stack(0x0000000058a00000,0x0000000058b00000)]
  0x000000005762a000 JavaThread "Reference Handler" daemon [_thread_blocked, id=6652, stack(0x00000000588f0000,0x00000000589f0000)]

Other Threads:
  0x0000000057626800 VMThread [stack: 0x0000000058750000,0x0000000058850000] [id=1684]
  0x0000000058e20000 WatcherThread [stack: 0x0000000059750000,0x0000000059850000] [id=7140]

VM state:not at safepoint (normal execution)

VM Mutex/Monitor currently owned by a thread: None

Heap:
 PSYoungGen      total 16896K, used 4173K [0x00000000d5580000, 0x00000000d6a80000, 0x0000000100000000)
  eden space 16384K, 24% used [0x00000000d5580000,0x00000000d5973508,0x00000000d6580000)
  from space 512K, 25% used [0x00000000d6600000,0x00000000d6620000,0x00000000d6680000)
  to   space 2560K, 0% used [0x00000000d6800000,0x00000000d6800000,0x00000000d6a80000)
 ParOldGen       total 129536K, used 4051K [0x0000000080000000, 0x0000000087e80000, 0x00000000d5580000)
  object space 129536K, 3% used [0x0000000080000000,0x00000000803f4d00,0x0000000087e80000)
 Metaspace       used 15834K, capacity 16080K, committed 16512K, reserved 1062912K
  class space    used 2034K, capacity 2114K, committed 2176K, reserved 1048576K

Card table byte_map: [0x0000000011ca0000,0x00000000120b0000] byte_map_base: 0x00000000118a0000

Marking Bits: (ParMarkBitMap*) 0x000000006a5012b0
 Begin Bits: [0x00000000128a0000, 0x00000000148a0000)
 End Bits:   [0x00000000148a0000, 0x00000000168a0000)

Polling page: 0x00000000000b0000

CodeCache: size=245760Kb used=6155Kb max_used=6155Kb free=239604Kb
 bounds [0x00000000028e0000, 0x0000000002ef0000, 0x00000000118e0000]
 total_blobs=2447 nmethods=1907 adapters=454
 compilation: enabled

Compilation events (10 events):
Event: 20.426 Thread 0x0000000058da5800 1904       3       sun.util.calendar.BaseCalendar::getGregorianYearFromFixedDate (201 bytes)
Event: 20.427 Thread 0x0000000058da5800 nmethod 1904 0x0000000002ee4890 code [0x0000000002ee4aa0, 0x0000000002ee5830]
Event: 20.682 Thread 0x0000000058da5800 1905       3       sun.util.locale.LocaleUtils::toLower (17 bytes)
Event: 20.682 Thread 0x0000000058da5800 nmethod 1905 0x0000000002ee4410 code [0x0000000002ee4580, 0x0000000002ee47f0]
Event: 20.683 Thread 0x0000000058da5800 1906       3       javax.swing.text.GapContent::length (17 bytes)
Event: 20.683 Thread 0x0000000058da5800 nmethod 1906 0x0000000002ee3d50 code [0x0000000002ee3ec0, 0x0000000002ee4310]
Event: 20.683 Thread 0x0000000058da5800 1907       3       javax.swing.text.GapContent::getArrayLength (14 bytes)
Event: 20.683 Thread 0x0000000058da5800 nmethod 1907 0x0000000002ee3850 code [0x0000000002ee39c0, 0x0000000002ee3c90]
Event: 20.684 Thread 0x0000000058da5800 1908       1       javax.swing.text.View::getElement (5 bytes)
Event: 20.684 Thread 0x0000000058da5800 nmethod 1908 0x0000000002ee6690 code [0x0000000002ee67e0, 0x0000000002ee68f0]

GC Heap History (10 events):
Event: 11.632 GC heap before
{Heap before GC invocations=15 (full 0):
 PSYoungGen      total 21504K, used 19072K [0x00000000d5580000, 0x00000000d6e00000, 0x0000000100000000)
  eden space 18944K, 100% used [0x00000000d5580000,0x00000000d6800000,0x00000000d6800000)
  from space 2560K, 5% used [0x00000000d6b80000,0x00000000d6ba0000,0x00000000d6e00000)
  to   space 3072K, 0% used [0x00000000d6800000,0x00000000d6800000,0x00000000d6b00000)
 ParOldGen       total 129536K, used 3939K [0x0000000080000000, 0x0000000087e80000, 0x00000000d5580000)
  object space 129536K, 3% used [0x0000000080000000,0x00000000803d8d00,0x0000000087e80000)
 Metaspace       used 15761K, capacity 16016K, committed 16256K, reserved 1062912K
  class space    used 2033K, capacity 2114K, committed 2176K, reserved 1048576K
Event: 11.632 GC heap after
Heap after GC invocations=15 (full 0):
 PSYoungGen      total 18944K, used 96K [0x00000000d5580000, 0x00000000d6c80000, 0x0000000100000000)
  eden space 18432K, 0% used [0x00000000d5580000,0x00000000d5580000,0x00000000d6780000)
  from space 512K, 18% used [0x00000000d6800000,0x00000000d6818000,0x00000000d6880000)
  to   space 2560K, 0% used [0x00000000d6a00000,0x00000000d6a00000,0x00000000d6c80000)
 ParOldGen       total 129536K, used 3963K [0x0000000080000000, 0x0000000087e80000, 0x00000000d5580000)
  object space 129536K, 3% used [0x0000000080000000,0x00000000803ded00,0x0000000087e80000)
 Metaspace       used 15761K, capacity 16016K, committed 16256K, reserved 1062912K
  class space    used 2033K, capacity 2114K, committed 2176K, reserved 1048576K
}
Event: 13.902 GC heap before
{Heap before GC invocations=16 (full 0):
 PSYoungGen      total 18944K, used 18528K [0x00000000d5580000, 0x00000000d6c80000, 0x0000000100000000)
  eden space 18432K, 100% used [0x00000000d5580000,0x00000000d6780000,0x00000000d6780000)
  from space 512K, 18% used [0x00000000d6800000,0x00000000d6818000,0x00000000d6880000)
  to   space 2560K, 0% used [0x00000000d6a00000,0x00000000d6a00000,0x00000000d6c80000)
 ParOldGen       total 129536K, used 3963K [0x0000000080000000, 0x0000000087e80000, 0x00000000d5580000)
  object space 129536K, 3% used [0x0000000080000000,0x00000000803ded00,0x0000000087e80000)
 Metaspace       used 15793K, capacity 16016K, committed 16256K, reserved 1062912K
  class space    used 2033K, capacity 2114K, committed 2176K, reserved 1048576K
Event: 13.902 GC heap after
Heap after GC invocations=16 (full 0):
 PSYoungGen      total 19968K, used 128K [0x00000000d5580000, 0x00000000d6c00000, 0x0000000100000000)
  eden space 17920K, 0% used [0x00000000d5580000,0x00000000d5580000,0x00000000d6700000)
  from space 2048K, 6% used [0x00000000d6a00000,0x00000000d6a20000,0x00000000d6c00000)
  to   space 2560K, 0% used [0x00000000d6700000,0x00000000d6700000,0x00000000d6980000)
 ParOldGen       total 129536K, used 3987K [0x0000000080000000, 0x0000000087e80000, 0x00000000d5580000)
  object space 129536K, 3% used [0x0000000080000000,0x00000000803e4d00,0x0000000087e80000)
 Metaspace       used 15793K, capacity 16016K, committed 16256K, reserved 1062912K
  class space    used 2033K, capacity 2114K, committed 2176K, reserved 1048576K
}
Event: 16.097 GC heap before
{Heap before GC invocations=17 (full 0):
 PSYoungGen      total 19968K, used 18048K [0x00000000d5580000, 0x00000000d6c00000, 0x0000000100000000)
  eden space 17920K, 100% used [0x00000000d5580000,0x00000000d6700000,0x00000000d6700000)
  from space 2048K, 6% used [0x00000000d6a00000,0x00000000d6a20000,0x00000000d6c00000)
  to   space 2560K, 0% used [0x00000000d6700000,0x00000000d6700000,0x00000000d6980000)
 ParOldGen       total 129536K, used 3987K [0x0000000080000000, 0x0000000087e80000, 0x00000000d5580000)
  object space 129536K, 3% used [0x0000000080000000,0x00000000803e4d00,0x0000000087e80000)
 Metaspace       used 15796K, capacity 16016K, committed 16256K, reserved 1062912K
  class space    used 2033K, capacity 2114K, committed 2176K, reserved 1048576K
Event: 16.097 GC heap after
Heap after GC invocations=17 (full 0):
 PSYoungGen      total 17920K, used 128K [0x00000000d5580000, 0x00000000d6b80000, 0x0000000100000000)
  eden space 17408K, 0% used [0x00000000d5580000,0x00000000d5580000,0x00000000d6680000)
  from space 512K, 25% used [0x00000000d6700000,0x00000000d6720000,0x00000000d6780000)
  to   space 2560K, 0% used [0x00000000d6900000,0x00000000d6900000,0x00000000d6b80000)
 ParOldGen       total 129536K, used 4003K [0x0000000080000000, 0x0000000087e80000, 0x00000000d5580000)
  object space 129536K, 3% used [0x0000000080000000,0x00000000803e8d00,0x0000000087e80000)
 Metaspace       used 15796K, capacity 16016K, committed 16256K, reserved 1062912K
  class space    used 2033K, capacity 2114K, committed 2176K, reserved 1048576K
}
Event: 18.246 GC heap before
{Heap before GC invocations=18 (full 0):
 PSYoungGen      total 17920K, used 17536K [0x00000000d5580000, 0x00000000d6b80000, 0x0000000100000000)
  eden space 17408K, 100% used [0x00000000d5580000,0x00000000d6680000,0x00000000d6680000)
  from space 512K, 25% used [0x00000000d6700000,0x00000000d6720000,0x00000000d6780000)
  to   space 2560K, 0% used [0x00000000d6900000,0x00000000d6900000,0x00000000d6b80000)
 ParOldGen       total 129536K, used 4003K [0x0000000080000000, 0x0000000087e80000, 0x00000000d5580000)
  object space 129536K, 3% used [0x0000000080000000,0x00000000803e8d00,0x0000000087e80000)
 Metaspace       used 15808K, capacity 16080K, committed 16512K, reserved 1062912K
  class space    used 2033K, capacity 2114K, committed 2176K, reserved 1048576K
Event: 18.246 GC heap after
Heap after GC invocations=18 (full 0):
 PSYoungGen      total 18944K, used 96K [0x00000000d5580000, 0x00000000d6b00000, 0x0000000100000000)
  eden space 16896K, 0% used [0x00000000d5580000,0x00000000d5580000,0x00000000d6600000)
  from space 2048K, 4% used [0x00000000d6900000,0x00000000d6918000,0x00000000d6b00000)
  to   space 2560K, 0% used [0x00000000d6600000,0x00000000d6600000,0x00000000d6880000)
 ParOldGen       total 129536K, used 4027K [0x0000000080000000, 0x0000000087e80000, 0x00000000d5580000)
  object space 129536K, 3% used [0x0000000080000000,0x00000000803eed00,0x0000000087e80000)
 Metaspace       used 15808K, capacity 16080K, committed 16512K, reserved 1062912K
  class space    used 2033K, capacity 2114K, committed 2176K, reserved 1048576K
}
Event: 20.327 GC heap before
{Heap before GC invocations=19 (full 0):
 PSYoungGen      total 18944K, used 16992K [0x00000000d5580000, 0x00000000d6b00000, 0x0000000100000000)
  eden space 16896K, 100% used [0x00000000d5580000,0x00000000d6600000,0x00000000d6600000)
  from space 2048K, 4% used [0x00000000d6900000,0x00000000d6918000,0x00000000d6b00000)
  to   space 2560K, 0% used [0x00000000d6600000,0x00000000d6600000,0x00000000d6880000)
 ParOldGen       total 129536K, used 4027K [0x0000000080000000, 0x0000000087e80000, 0x00000000d5580000)
  object space 129536K, 3% used [0x0000000080000000,0x00000000803eed00,0x0000000087e80000)
 Metaspace       used 15825K, capacity 16080K, committed 16512K, reserved 1062912K
  class space    used 2033K, capacity 2114K, committed 2176K, reserved 1048576K
Event: 20.328 GC heap after
Heap after GC invocations=19 (full 0):
 PSYoungGen      total 16896K, used 128K [0x00000000d5580000, 0x00000000d6a80000, 0x0000000100000000)
  eden space 16384K, 0% used [0x00000000d5580000,0x00000000d5580000,0x00000000d6580000)
  from space 512K, 25% used [0x00000000d6600000,0x00000000d6620000,0x00000000d6680000)
  to   space 2560K, 0% used [0x00000000d6800000,0x00000000d6800000,0x00000000d6a80000)
 ParOldGen       total 129536K, used 4051K [0x0000000080000000, 0x0000000087e80000, 0x00000000d5580000)
  object space 129536K, 3% used [0x0000000080000000,0x00000000803f4d00,0x0000000087e80000)
 Metaspace       used 15825K, capacity 16080K, committed 16512K, reserved 1062912K
  class space    used 2033K, capacity 2114K, committed 2176K, reserved 1048576K
}

Deoptimization events (8 events):
Event: 0.535 Thread 0x0000000059ae8000 Uncommon trap: reason=unreached action=reinterpret pc=0x0000000002adf0cc method=java.util.HashMap.getNode(ILjava/lang/Object;)Ljava/util/HashMap$Node; @ 84
Event: 0.587 Thread 0x0000000059951800 Uncommon trap: reason=class_check action=maybe_recompile pc=0x0000000002a93658 method=java.lang.String.equals(Ljava/lang/Object;)Z @ 8
Event: 0.588 Thread 0x0000000059951800 Uncommon trap: reason=class_check action=maybe_recompile pc=0x0000000002a93658 method=java.lang.String.equals(Ljava/lang/Object;)Z @ 8
Event: 0.621 Thread 0x0000000059918800 Uncommon trap: reason=null_check action=make_not_entrant pc=0x0000000002c45944 method=com.sun.jna.Function.invoke(Ljava/lang/Class;[Ljava/lang/Object;Ljava/util/Map;)Ljava/lang/Object; @ 152
Event: 0.655 Thread 0x0000000059951800 Uncommon trap: reason=class_check action=maybe_recompile pc=0x0000000002a93658 method=java.lang.String.equals(Ljava/lang/Object;)Z @ 8
Event: 0.655 Thread 0x0000000059951800 Uncommon trap: reason=class_check action=maybe_recompile pc=0x0000000002a93658 method=java.lang.String.equals(Ljava/lang/Object;)Z @ 8
Event: 0.822 Thread 0x0000000059951800 Uncommon trap: reason=unreached action=reinterpret pc=0x0000000002bbc06c method=java.util.WeakHashMap.expungeStaleEntries()V @ 9
Event: 20.682 Thread 0x0000000059951800 Uncommon trap: reason=unreached action=reinterpret pc=0x0000000002ebc830 method=java.security.AccessControlContext.optimize()Ljava/security/AccessControlContext; @ 233

Internal exceptions (10 events):
Event: 0.544 Thread 0x0000000059ae8000 Exception <a 'java/security/PrivilegedActionException'> (0x00000000d56bb670) thrown at [C:\re\workspace\8-2-build-windows-amd64-cygwin\jdk8u11\648\hotspot\src\share\vm\prims\jvm.cpp, line 1248]
Event: 0.545 Thread 0x0000000059ae8000 Exception <a 'java/security/PrivilegedActionException'> (0x00000000d56e77e8) thrown at [C:\re\workspace\8-2-build-windows-amd64-cygwin\jdk8u11\648\hotspot\src\share\vm\prims\jvm.cpp, line 1248]
Event: 0.546 Thread 0x0000000059ae8000 Exception <a 'java/security/PrivilegedActionException'> (0x00000000d56ea400) thrown at [C:\re\workspace\8-2-build-windows-amd64-cygwin\jdk8u11\648\hotspot\src\share\vm\prims\jvm.cpp, line 1248]
Event: 0.546 Thread 0x0000000059ae8000 Exception <a 'java/security/PrivilegedActionException'> (0x00000000d56f26d0) thrown at [C:\re\workspace\8-2-build-windows-amd64-cygwin\jdk8u11\648\hotspot\src\share\vm\prims\jvm.cpp, line 1248]
Event: 0.567 Thread 0x0000000059918800 Exception <a 'java/security/PrivilegedActionException'> (0x00000000d5768e08) thrown at [C:\re\workspace\8-2-build-windows-amd64-cygwin\jdk8u11\648\hotspot\src\share\vm\prims\jvm.cpp, line 1248]
Event: 0.711 Thread 0x0000000059ae8000 Exception <a 'java/security/PrivilegedActionException'> (0x00000000d5ac4ea8) thrown at [C:\re\workspace\8-2-build-windows-amd64-cygwin\jdk8u11\648\hotspot\src\share\vm\prims\jvm.cpp, line 1248]
Event: 0.728 Thread 0x0000000059ae8000 Exception <a 'java/security/PrivilegedActionException'> (0x00000000d5beff90) thrown at [C:\re\workspace\8-2-build-windows-amd64-cygwin\jdk8u11\648\hotspot\src\share\vm\prims\jvm.cpp, line 1248]
Event: 0.755 Thread 0x0000000059ae8000 Exception <a 'java/security/PrivilegedActionException'> (0x00000000d5c7ce80) thrown at [C:\re\workspace\8-2-build-windows-amd64-cygwin\jdk8u11\648\hotspot\src\share\vm\prims\jvm.cpp, line 1248]
Event: 0.756 Thread 0x0000000059ae8000 Exception <a 'java/security/PrivilegedActionException'> (0x00000000d5c80c88) thrown at [C:\re\workspace\8-2-build-windows-amd64-cygwin\jdk8u11\648\hotspot\src\share\vm\prims\jvm.cpp, line 1248]
Event: 0.770 Thread 0x0000000059ae8000 Exception <a 'java/security/PrivilegedActionException'> (0x00000000d5cd3770) thrown at [C:\re\workspace\8-2-build-windows-amd64-cygwin\jdk8u11\648\hotspot\src\share\vm\prims\jvm.cpp, line 1248]

Events (10 events):
Event: 20.682 Thread 0x0000000059951800 DEOPT UNPACKING pc=0x00000000029273ef sp=0x000000005d92c720 mode 2
Event: 20.795 Thread 0x0000000059ee5000 Thread added: 0x0000000059ee5000
Event: 20.795 Thread 0x0000000059ee6000 Thread added: 0x0000000059ee6000
Event: 20.795 Thread 0x0000000059ee6800 Thread added: 0x0000000059ee6800
Event: 20.795 Thread 0x0000000059ee5000 Thread exited: 0x0000000059ee5000
Event: 20.796 Thread 0x0000000059d69800 Thread exited: 0x0000000059d69800
Event: 20.796 loading class sun/java2d/pipe/hw/AccelDeviceEventNotifier
Event: 20.796 loading class sun/java2d/pipe/hw/AccelDeviceEventNotifier done
Event: 20.796 loading class java/util/Vector$Itr
Event: 20.796 loading class java/util/Vector$Itr done


Dynamic libraries:
0x000000013f080000 - 0x000000013f0b4000 	H:\JAVA\jre8\bin\javaw.exe
0x0000000077bf0000 - 0x0000000077d99000 	C:\Windows\SYSTEM32\ntdll.dll
0x00000000779d0000 - 0x0000000077aef000 	C:\Windows\system32\kernel32.dll
0x000007fefdaa0000 - 0x000007fefdb0c000 	C:\Windows\system32\KERNELBASE.dll
0x000007feffbd0000 - 0x000007feffcab000 	C:\Windows\system32\ADVAPI32.dll
0x000007fefe500000 - 0x000007fefe59f000 	C:\Windows\system32\msvcrt.dll
0x000007fefe6a0000 - 0x000007fefe6bf000 	C:\Windows\SYSTEM32\sechost.dll
0x000007fefe3d0000 - 0x000007fefe4fd000 	C:\Windows\system32\RPCRT4.dll
0x0000000077af0000 - 0x0000000077bea000 	C:\Windows\system32\USER32.dll
0x000007feffcb0000 - 0x000007feffd17000 	C:\Windows\system32\GDI32.dll
0x000007fefe6e0000 - 0x000007fefe6ee000 	C:\Windows\system32\LPK.dll
0x000007fefe5a0000 - 0x000007fefe669000 	C:\Windows\system32\USP10.dll
0x000007fefbf80000 - 0x000007fefc174000 	C:\Windows\WinSxS\amd64_microsoft.windows.common-controls_6595b64144ccf1df_6.0.7601.17514_none_fa396087175ac9ac\COMCTL32.dll
0x000007feffb40000 - 0x000007feffbb1000 	C:\Windows\system32\SHLWAPI.dll
0x000007fefe670000 - 0x000007fefe69e000 	C:\Windows\system32\IMM32.DLL
0x000007fefdf90000 - 0x000007fefe099000 	C:\Windows\system32\MSCTF.dll
0x000000006f8c0000 - 0x000000006f992000 	H:\JAVA\jre8\bin\msvcr100.dll
0x0000000069d50000 - 0x000000006a57a000 	H:\JAVA\jre8\bin\server\jvm.dll
0x000007fef2200000 - 0x000007fef2209000 	C:\Windows\system32\WSOCK32.dll
0x000007feffaf0000 - 0x000007feffb3d000 	C:\Windows\system32\WS2_32.dll
0x000007feffbc0000 - 0x000007feffbc8000 	C:\Windows\system32\NSI.dll
0x000007fefa8b0000 - 0x000007fefa8eb000 	C:\Windows\system32\WINMM.dll
0x0000000077dc0000 - 0x0000000077dc7000 	C:\Windows\system32\PSAPI.DLL
0x00000000725a0000 - 0x00000000725af000 	H:\JAVA\jre8\bin\verify.dll
0x00000000701b0000 - 0x00000000701d8000 	H:\JAVA\jre8\bin\java.dll
0x0000000071810000 - 0x0000000071826000 	H:\JAVA\jre8\bin\zip.dll
0x000007fefed60000 - 0x000007feffae8000 	C:\Windows\system32\SHELL32.dll
0x000007fefeb50000 - 0x000007fefed53000 	C:\Windows\system32\ole32.dll
0x000007fefda00000 - 0x000007fefda0f000 	C:\Windows\system32\profapi.dll
0x0000000071560000 - 0x00000000716f6000 	H:\JAVA\jre8\bin\awt.dll
0x000007fefea70000 - 0x000007fefeb47000 	C:\Windows\system32\OLEAUT32.dll
0x000007fefbbb0000 - 0x000007fefbbc8000 	C:\Windows\system32\DWMAPI.DLL
0x000007fefc2b0000 - 0x000007fefc306000 	C:\Windows\system32\uxtheme.dll
0x0000000073b10000 - 0x0000000073b44000 	C:\Fraps\fraps64.dll
0x000007fefd8a0000 - 0x000007fefd8af000 	C:\Windows\system32\CRYPTBASE.dll
0x000007fefcad0000 - 0x000007fefcadc000 	C:\Windows\system32\VERSION.dll
0x0000000180000000 - 0x0000000180142000 	C:\Windows\system32\nvspcap64.dll
0x000007fefdc50000 - 0x000007fefddbc000 	C:\Windows\system32\CRYPT32.dll
0x000007fefda10000 - 0x000007fefda1f000 	C:\Windows\system32\MSASN1.dll
0x000007fefa440000 - 0x000007fefa773000 	C:\Windows\system32\nvapi64.dll
0x000007feffd20000 - 0x000007feffef7000 	C:\Windows\system32\SETUPAPI.dll
0x000007fefda50000 - 0x000007fefda86000 	C:\Windows\system32\CFGMGR32.dll
0x000007fefdc30000 - 0x000007fefdc4a000 	C:\Windows\system32\DEVOBJ.dll
0x000007fefd240000 - 0x000007fefd257000 	C:\Windows\system32\CRYPTSP.dll
0x000007fefcf40000 - 0x000007fefcf87000 	C:\Windows\system32\rsaenh.dll
0x000007fefdbd0000 - 0x000007fefdbee000 	C:\Windows\system32\USERENV.dll
0x0000000070ad0000 - 0x0000000070aea000 	H:\JAVA\jre8\bin\net.dll
0x000007fefd1e0000 - 0x000007fefd235000 	C:\Windows\system32\mswsock.dll
0x000007fefd1d0000 - 0x000007fefd1d7000 	C:\Windows\System32\wship6.dll
0x000007fefb550000 - 0x000007fefb577000 	C:\Windows\system32\IPHLPAPI.DLL
0x000007fefb540000 - 0x000007fefb54b000 	C:\Windows\system32\WINNSI.DLL
0x000007fefb3d0000 - 0x000007fefb3e1000 	C:\Windows\system32\dhcpcsvc6.DLL
0x000007fefb350000 - 0x000007fefb368000 	C:\Windows\system32\dhcpcsvc.DLL
0x0000000074160000 - 0x0000000074190000 	H:\JAVA\jre8\bin\jpeg.dll
0x0000000070190000 - 0x00000000701a1000 	H:\JAVA\jre8\bin\nio.dll
0x0000000074270000 - 0x000000007427d000 	H:\JAVA\jre8\bin\management.dll
0x000007fefb860000 - 0x000007fefb875000 	C:\Windows\system32\NLAapi.dll
0x000007fef8110000 - 0x000007fef8125000 	C:\Windows\system32\napinsp.dll
0x000007fef8130000 - 0x000007fef8149000 	C:\Windows\system32\pnrpnsp.dll
0x000007fefd060000 - 0x000007fefd0bb000 	C:\Windows\system32\DNSAPI.dll
0x000007fefa000000 - 0x000007fefa00b000 	C:\Windows\System32\winrnr.dll
0x000007fefcba0000 - 0x000007fefcba7000 	C:\Windows\System32\wshtcpip.dll
0x000007fef9fc0000 - 0x000007fef9fc8000 	C:\Windows\system32\rasadhlp.dll
0x000007fefb440000 - 0x000007fefb493000 	C:\Windows\System32\fwpuclnt.dll
0x0000000074190000 - 0x00000000741d7000 	H:\JAVA\jre8\bin\fontmanager.dll
0x000007fefe930000 - 0x000007fefe9c9000 	C:\Windows\system32\CLBCatQ.DLL
0x000007fefba00000 - 0x000007fefbb61000 	C:\Windows\system32\WindowsCodecs.dll
0x000007fefd840000 - 0x000007fefd897000 	C:\Windows\system32\apphelp.dll
0x000007fef77f0000 - 0x000007fef7825000 	C:\Windows\system32\EhStorShell.dll
0x000007fefc570000 - 0x000007fefc69c000 	C:\Windows\system32\PROPSYS.dll
0x000007fef7390000 - 0x000007fef7450000 	C:\Program Files (x86)\Google\Drive\googledrivesync64.dll
0x00000000704a0000 - 0x0000000070573000 	C:\Windows\WinSxS\amd64_microsoft.vc90.crt_1fc8b3b9a1e18e3b_9.0.30729.6161_none_08e61857a83bc251\MSVCP90.dll
0x00000000703f0000 - 0x0000000070493000 	C:\Windows\WinSxS\amd64_microsoft.vc90.crt_1fc8b3b9a1e18e3b_9.0.30729.6161_none_08e61857a83bc251\MSVCR90.dll
0x000007fef72b0000 - 0x000007fef732e000 	C:\Windows\System32\cscui.dll
0x000007fef72a0000 - 0x000007fef72ac000 	C:\Windows\System32\CSCDLL.dll
0x000007fef9d40000 - 0x000007fef9d4f000 	C:\Windows\system32\CSCAPI.dll
0x000007fef7220000 - 0x000007fef72a0000 	C:\Windows\system32\ntshrui.dll
0x000007fefd4e0000 - 0x000007fefd503000 	C:\Windows\system32\srvcli.dll
0x000007fefb610000 - 0x000007fefb61b000 	C:\Windows\system32\slc.dll
0x0000000073fb0000 - 0x0000000073ff1000 	H:\JAVA\jre8\bin\t2k.dll
0x0000000058b00000 - 0x0000000058b24000 	H:\JAVA\jre8\bin\sunec.dll
0x000007fef0b10000 - 0x000007fef0c35000 	C:\Windows\system32\dbghelp.dll

VM Arguments:
jvm_args: -Dfile.encoding=Cp1252 
java_command: Launcher
java_class_path (initial): H:\JAVA\Workspace\AlphaPilote\bin;H:\JAVA\Workspace\AlphaPilote\forms-1.3.0.jar;H:\JAVA\Workspace\AlphaPilote\SwingX\swingx-all-1.6.4.jar;H:\JAVA\Workspace\AlphaPilote\Jasypt\icu4j-3.4.4.jar;H:\JAVA\Workspace\AlphaPilote\Jasypt\jasypt-1.9.2-javadoc.jar;H:\JAVA\Workspace\AlphaPilote\Jasypt\jasypt-1.9.2-lite.jar;H:\JAVA\Workspace\AlphaPilote\Jasypt\jasypt-1.9.2-sources.jar;H:\JAVA\Workspace\AlphaPilote\Jasypt\jasypt-1.9.2.jar;H:\JAVA\Workspace\AlphaPilote\Jasypt\jasypt-acegisecurity-1.9.2-javadoc.jar;H:\JAVA\Workspace\AlphaPilote\Jasypt\jasypt-acegisecurity-1.9.2-sources.jar;H:\JAVA\Workspace\AlphaPilote\Jasypt\jasypt-acegisecurity-1.9.2.jar;H:\JAVA\Workspace\AlphaPilote\Jasypt\jasypt-hibernate3-1.9.2-javadoc.jar;H:\JAVA\Workspace\AlphaPilote\Jasypt\jasypt-hibernate3-1.9.2-sources.jar;H:\JAVA\Workspace\AlphaPilote\Jasypt\jasypt-hibernate3-1.9.2.jar;H:\JAVA\Workspace\AlphaPilote\Jasypt\jasypt-hibernate4-1.9.2-javadoc.jar;H:\JAVA\Workspace\AlphaPilote\Jasypt\jasypt-hibernate4-1.9.2-sources.jar;H:\JAVA\Workspace\AlphaPilote\Jasypt\jasypt-hibernate4-1.9.2.jar;H:\JAVA\Workspace\AlphaPilote\Jasypt\jasypt-spring2-1.9.2-javadoc.jar;H:\JAVA\Workspace\AlphaPilote\Jasypt\jasypt-spring2-1.9.2-sources.jar;H:\JAVA\Workspace\AlphaPilote\Jasypt\jasypt-spring2-1.9.2.jar;H:\JAVA\Workspace\AlphaPilote\Jasypt\jasypt-spring3-1.9.2-javadoc.jar;H:\JAVA\Workspace\AlphaPilote\Jasypt\jasypt-spring3-1.9.2-sources.jar;H:\JAVA\Workspace\AlphaPilote\Jasypt\jasypt-spring3-1.9.2.jar;H:\JAVA\Workspace\AlphaPilote\Jasypt\jasypt-spring31-1.9.2-javadoc.jar;H:\JAVA\Workspace\AlphaPilote\Jasypt\jasypt-spring31-1.9.2-sources.jar;H:\JAVA\Workspace\AlphaPilote\Jasypt\jasypt-spring31-1.9.2.jar;H:\JAVA\Workspace\AlphaPilote\Jasypt\jasypt-springsecurity2-1.9.2-javadoc.jar;H:\JAVA\Workspace\AlphaPilote\Jasypt\jasypt-springsecurity2-1.9.2-sources.jar;H:\JAVA\Workspace\AlphaPilote\Jasypt\jasypt-springsecurity2-1.9.2.jar;H:\JAVA\Workspace\AlphaPilote\Jasypt\jasypt-springsecurity3-1.9.2-
Launcher Type: SUN_STANDARD

Environment Variables:
PATH=C:\Program Files (x86)\NVIDIA Corporation\PhysX\Common;C:\Windows\system32;C:\Windows;C:\Windows\System32\Wbem;C:\Windows\System32\WindowsPowerShell\v1.0\
USERNAME=Etienne
OS=Windows_NT
PROCESSOR_IDENTIFIER=Intel64 Family 6 Model 30 Stepping 5, GenuineIntel



---------------  S Y S T E M  ---------------

OS: Windows 7 , 64 bit Build 7601 Service Pack 1

CPU:total 4 (4 cores per cpu, 2 threads per core) family 6 model 30 stepping 5, cmov, cx8, fxsr, mmx, sse, sse2, sse3, ssse3, sse4.1, sse4.2, popcnt, ht, tsc, tscinvbit

Memory: 4k page, physical 8386612k(810928k free), swap 12480748k(2695408k free)

vm_info: Java HotSpot(TM) 64-Bit Server VM (25.11-b03) for windows-amd64 JRE (1.8.0_11-b12), built on Jun 16 2014 20:57:32 by "java_re" with MS VC++ 10.0 (VS2010)

time: Tue Aug 19 17:39:17 2014
elapsed time: 20 seconds

