#
# A fatal error has been detected by the Java Runtime Environment:
#
#  EXCEPTION_ACCESS_VIOLATION (0xc0000005) at pc=0x0000000002312410, pid=6672, tid=6784
#
# JRE version: Java(TM) SE Runtime Environment (8.0_11-b12) (build 1.8.0_11-b12)
# Java VM: Java HotSpot(TM) 64-Bit Server VM (25.11-b03 mixed mode windows-amd64 compressed oops)
# Problematic frame:
# C  0x0000000002312410
#
# Failed to write core dump. Minidumps are not enabled by default on client versions of Windows
#
# If you would like to submit a bug report, please visit:
#   http://bugreport.sun.com/bugreport/crash.jsp
# The crash happened outside the Java Virtual Machine in native code.
# See problematic frame for where to report the bug.
#

---------------  T H R E A D  ---------------

Current thread (0x0000000059bc6800):  JavaThread "Thread-1" [_thread_in_native, id=6784, stack(0x000000005d0a0000,0x000000005d1a0000)]

siginfo: ExceptionCode=0xc0000005, ExceptionInformation=0x0000000000000008 0x0000000002312410

Registers:
RAX=0x0000000016dedaa8, RBX=0x00000000800ddbf8, RCX=0x0000000059bc69e0, RDX=0x000000005d19ef80
RSP=0x000000005d19ef58, RBP=0x000000005d19efc0, RSI=0x0000000000000000, RDI=0x0000000000000000
R8 =0x0000000000000000, R9 =0x000000005d19ef90, R10=0x0000000002aac8cf, R11=0x0000000080179b90
R12=0x0000000000000000, R13=0x000000008025b718, R14=0x0000000000000000, R15=0x0000000059bc6800
RIP=0x0000000002312410, EFLAGS=0x0000000000010246

Top of Stack: (sp=0x000000005d19ef58)
0x000000005d19ef58:   0000000002aac94d 0000000059bc6800
0x000000005d19ef68:   0000000002075d30 0000000002075d30
0x000000005d19ef78:   0000000069f45c55 000000008025b328
0x000000005d19ef88:   0000000016dedaa8 00000000d5accb20
0x000000005d19ef98:   000007fefa8ba838 0000000059bc6800
0x000000005d19efa8:   0000000069fc4a23 0000000000000000
0x000000005d19efb8:   0000000002be02f8 00000000800e21f0
0x000000005d19efc8:   0000000002c43d98 000000008025b718
0x000000005d19efd8:   0000000080177ab0 00000000fffffffd
0x000000005d19efe8:   0000000080177ab0 00000000fffffffd
0x000000005d19eff8:   0000000058e51180 0000000059bc6800
0x000000005d19f008:   0000000000000001 0000000080179b90
0x000000005d19f018:   0000000002c6fdd8 0000000000000002
0x000000005d19f028:   0000000000000007 0000000000000000
0x000000005d19f038:   0000000000000474 000000008025b328
0x000000005d19f048:   000000008025b718 0000000000000000 

Instructions: (pc=0x0000000002312410)
0x00000000023123f0:   
[error occurred during error reporting (printing registers, top of stack, instructions near pc), id 0xc0000005]

Register to memory mapping:

RAX=0x0000000016dedaa8 is an unknown value
RBX=0x00000000800ddbf8 is an oop
java.lang.Class 
 - klass: 'java/lang/Class'
RCX=0x0000000059bc69e0 is an unknown value
RDX=0x000000005d19ef80 is pointing into the stack for thread: 0x0000000059bc6800
RSP=0x000000005d19ef58 is pointing into the stack for thread: 0x0000000059bc6800
RBP=0x000000005d19efc0 is pointing into the stack for thread: 0x0000000059bc6800
RSI=0x0000000000000000 is an unknown value
RDI=0x0000000000000000 is an unknown value
R8 =0x0000000000000000 is an unknown value
R9 =0x000000005d19ef90 is pointing into the stack for thread: 0x0000000059bc6800
R10=0x0000000002aac8cf is at entry_point+79 in (nmethod*)0x0000000002aac710
R11=0x0000000080179b90 is an oop
java.lang.Class 
 - klass: 'java/lang/Class'
R12=0x0000000000000000 is an unknown value
R13=0x000000008025b718 is an oop
java.lang.reflect.Method 
 - klass: 'java/lang/reflect/Method'
R14=0x0000000000000000 is an unknown value
R15=0x0000000059bc6800 is a thread


Stack: [0x000000005d0a0000,0x000000005d1a0000],  sp=0x000000005d19ef58,  free space=1019k
Native frames: (J=compiled Java code, j=interpreted, Vv=VM code, C=native code)
C  0x0000000002312410

Java frames: (J=compiled Java code, j=interpreted, Vv=VM code)
J 637  com.sun.jna.Function.invokeInt(I[Ljava/lang/Object;)I (0 bytes) @ 0x0000000002aac8cf [0x0000000002aac880+0x4f]
J 1164 C2 com.sun.jna.Function.invoke([Ljava/lang/Object;Ljava/lang/Class;Z)Ljava/lang/Object; (1125 bytes) @ 0x0000000002c43d98 [0x0000000002c43d20+0x78]
J 1180 C2 com.sun.jna.Function.invoke(Ljava/lang/Class;[Ljava/lang/Object;Ljava/util/Map;)Ljava/lang/Object; (526 bytes) @ 0x0000000002c6fdd8 [0x0000000002c6f540+0x898]
J 1167 C2 com.sun.jna.Library$Handler.invoke(Ljava/lang/Object;Ljava/lang/reflect/Method;[Ljava/lang/Object;)Ljava/lang/Object; (345 bytes) @ 0x0000000002c61b68 [0x0000000002c61700+0x468]
J 1604% C2 jhook.Keyboard.run()V (178 bytes) @ 0x0000000002d52f1c [0x0000000002d52da0+0x17c]
v  ~StubRoutines::call_stub

---------------  P R O C E S S  ---------------

Java Threads: ( => current thread )
  0x000000005a158800 JavaThread "Thread-0" daemon [_thread_in_native, id=6964, stack(0x000000005c350000,0x000000005c450000)]
  0x000000005a156000 JavaThread "DestroyJavaVM" [_thread_blocked, id=6696, stack(0x0000000002460000,0x0000000002560000)]
  0x0000000059f1d800 JavaThread "TimerQueue" daemon [_thread_blocked, id=6832, stack(0x000000005e380000,0x000000005e480000)]
  0x0000000059e93000 JavaThread "Thread-3" [_thread_blocked, id=6808, stack(0x000000005dc70000,0x000000005dd70000)]
  0x0000000059ca3800 JavaThread "Image Fetcher 0" daemon [_thread_blocked, id=6804, stack(0x000000005da70000,0x000000005db70000)]
  0x0000000059c03800 JavaThread "AWT-EventQueue-0" [_thread_blocked, id=6796, stack(0x000000005d880000,0x000000005d980000)]
  0x0000000059bec800 JavaThread "Image Fetcher 3" daemon [_thread_blocked, id=6788, stack(0x000000005d220000,0x000000005d320000)]
=>0x0000000059bc6800 JavaThread "Thread-1" [_thread_in_native, id=6784, stack(0x000000005d0a0000,0x000000005d1a0000)]
  0x0000000059101800 JavaThread "AWT-Shutdown" [_thread_blocked, id=6764, stack(0x00000000598d0000,0x00000000599d0000)]
  0x00000000590e9000 JavaThread "Java2D Disposer" daemon [_thread_blocked, id=6760, stack(0x00000000596e0000,0x00000000597e0000)]
  0x0000000058d8a800 JavaThread "Service Thread" daemon [_thread_blocked, id=6748, stack(0x0000000059330000,0x0000000059430000)]
  0x0000000058d25000 JavaThread "C1 CompilerThread2" daemon [_thread_blocked, id=6744, stack(0x0000000059230000,0x0000000059330000)]
  0x000000005768f800 JavaThread "C2 CompilerThread1" daemon [_thread_blocked, id=6740, stack(0x0000000058b20000,0x0000000058c20000)]
  0x0000000057686000 JavaThread "C2 CompilerThread0" daemon [_thread_blocked, id=6736, stack(0x0000000058c20000,0x0000000058d20000)]
  0x0000000057684800 JavaThread "Attach Listener" daemon [_thread_blocked, id=6732, stack(0x00000000588a0000,0x00000000589a0000)]
  0x0000000057681000 JavaThread "Signal Dispatcher" daemon [_thread_blocked, id=6728, stack(0x00000000589a0000,0x0000000058aa0000)]
  0x0000000057623000 JavaThread "Finalizer" daemon [_thread_blocked, id=6724, stack(0x0000000058710000,0x0000000058810000)]
  0x000000005761a000 JavaThread "Reference Handler" daemon [_thread_blocked, id=6720, stack(0x00000000122b0000,0x00000000123b0000)]

Other Threads:
  0x0000000057616800 VMThread [stack: 0x00000000585c0000,0x00000000586c0000] [id=6716]
  0x0000000058d8e800 WatcherThread [stack: 0x0000000059540000,0x0000000059640000] [id=6752]

VM state:not at safepoint (normal execution)

VM Mutex/Monitor currently owned by a thread: None

Heap:
 PSYoungGen      total 15360K, used 5814K [0x00000000d5580000, 0x00000000d6780000, 0x0000000100000000)
  eden space 12288K, 45% used [0x00000000d5580000,0x00000000d5aeda50,0x00000000d6180000)
  from space 3072K, 8% used [0x00000000d6480000,0x00000000d64c0000,0x00000000d6780000)
  to   space 3072K, 0% used [0x00000000d6180000,0x00000000d6180000,0x00000000d6480000)
 ParOldGen       total 129536K, used 3676K [0x0000000080000000, 0x0000000087e80000, 0x00000000d5580000)
  object space 129536K, 2% used [0x0000000080000000,0x00000000803972b0,0x0000000087e80000)
 Metaspace       used 15675K, capacity 15952K, committed 16256K, reserved 1062912K
  class space    used 2032K, capacity 2114K, committed 2176K, reserved 1048576K

Card table byte_map: [0x0000000011bf0000,0x0000000012000000] byte_map_base: 0x00000000117f0000

Marking Bits: (ParMarkBitMap*) 0x000000006a5012b0
 Begin Bits: [0x0000000012890000, 0x0000000014890000)
 End Bits:   [0x0000000014890000, 0x0000000016890000)

Polling page: 0x0000000000340000

CodeCache: size=245760Kb used=5266Kb max_used=5266Kb free=240494Kb
 bounds [0x0000000002830000, 0x0000000002d60000, 0x0000000011830000]
 total_blobs=2158 nmethods=1618 adapters=454
 compilation: enabled

Compilation events (10 events):
Event: 2.703 Thread 0x0000000058d25000 1615       3       java.util.concurrent.locks.AbstractQueuedSynchronizer$Node::<init> (15 bytes)
Event: 2.703 Thread 0x0000000058d25000 nmethod 1615 0x0000000002d55550 code [0x0000000002d556a0, 0x0000000002d55870]
Event: 2.703 Thread 0x0000000058d25000 1617       3       sun.java2d.pipe.Region::getIntersectionXYXY (108 bytes)
Event: 2.704 Thread 0x0000000058d25000 nmethod 1617 0x0000000002d55910 code [0x0000000002d55b20, 0x0000000002d56398]
Event: 2.704 Thread 0x0000000058d25000 1616   !   3       java.awt.Component::getGraphicsConfiguration (19 bytes)
Event: 2.704 Thread 0x0000000058d25000 nmethod 1616 0x0000000002d56750 code [0x0000000002d568c0, 0x0000000002d56d30]
Event: 2.753 Thread 0x0000000058d25000 1618       3       java.awt.Rectangle::isEmpty (20 bytes)
Event: 2.753 Thread 0x0000000058d25000 nmethod 1618 0x0000000002d56e50 code [0x0000000002d56fa0, 0x0000000002d57190]
Event: 2.853 Thread 0x0000000058d25000 1619       1       javax.swing.DefaultBoundedRangeModel::getMinimum (5 bytes)
Event: 2.853 Thread 0x0000000058d25000 nmethod 1619 0x0000000002d57210 code [0x0000000002d57360, 0x0000000002d57470]

GC Heap History (10 events):
Event: 0.545 GC heap before
{Heap before GC invocations=6 (full 0):
 PSYoungGen      total 2560K, used 2560K [0x00000000d5580000, 0x00000000d5c80000, 0x0000000100000000)
  eden space 2048K, 100% used [0x00000000d5580000,0x00000000d5780000,0x00000000d5780000)
  from space 512K, 100% used [0x00000000d5780000,0x00000000d5800000,0x00000000d5800000)
  to   space 1536K, 0% used [0x00000000d5b00000,0x00000000d5b00000,0x00000000d5c80000)
 ParOldGen       total 129536K, used 1501K [0x0000000080000000, 0x0000000087e80000, 0x00000000d5580000)
  object space 129536K, 1% used [0x0000000080000000,0x0000000080177750,0x0000000087e80000)
 Metaspace       used 10615K, capacity 10768K, committed 11008K, reserved 1058816K
  class space    used 1385K, capacity 1459K, committed 1536K, reserved 1048576K
Event: 0.547 GC heap after
Heap after GC invocations=6 (full 0):
 PSYoungGen      total 5632K, used 909K [0x00000000d5580000, 0x00000000d5c80000, 0x0000000100000000)
  eden space 4096K, 0% used [0x00000000d5580000,0x00000000d5580000,0x00000000d5980000)
  from space 1536K, 59% used [0x00000000d5b00000,0x00000000d5be3698,0x00000000d5c80000)
  to   space 1536K, 0% used [0x00000000d5980000,0x00000000d5980000,0x00000000d5b00000)
 ParOldGen       total 129536K, used 1501K [0x0000000080000000, 0x0000000087e80000, 0x00000000d5580000)
  object space 129536K, 1% used [0x0000000080000000,0x0000000080177750,0x0000000087e80000)
 Metaspace       used 10615K, capacity 10768K, committed 11008K, reserved 1058816K
  class space    used 1385K, capacity 1459K, committed 1536K, reserved 1048576K
}
Event: 0.834 GC heap before
{Heap before GC invocations=7 (full 0):
 PSYoungGen      total 5632K, used 5003K [0x00000000d5580000, 0x00000000d5c80000, 0x0000000100000000)
  eden space 4096K, 99% used [0x00000000d5580000,0x00000000d597f628,0x00000000d5980000)
  from space 1536K, 59% used [0x00000000d5b00000,0x00000000d5be3698,0x00000000d5c80000)
  to   space 1536K, 0% used [0x00000000d5980000,0x00000000d5980000,0x00000000d5b00000)
 ParOldGen       total 129536K, used 1501K [0x0000000080000000, 0x0000000087e80000, 0x00000000d5580000)
  object space 129536K, 1% used [0x0000000080000000,0x0000000080177750,0x0000000087e80000)
 Metaspace       used 13227K, capacity 13454K, committed 13696K, reserved 1060864K
  class space    used 1773K, capacity 1817K, committed 1920K, reserved 1048576K
Event: 0.841 GC heap after
Heap after GC invocations=7 (full 0):
 PSYoungGen      total 5632K, used 1426K [0x00000000d5580000, 0x00000000d6180000, 0x0000000100000000)
  eden space 4096K, 0% used [0x00000000d5580000,0x00000000d5580000,0x00000000d5980000)
  from space 1536K, 92% used [0x00000000d5980000,0x00000000d5ae49b8,0x00000000d5b00000)
  to   space 2048K, 0% used [0x00000000d5f80000,0x00000000d5f80000,0x00000000d6180000)
 ParOldGen       total 129536K, used 1597K [0x0000000080000000, 0x0000000087e80000, 0x00000000d5580000)
  object space 129536K, 1% used [0x0000000080000000,0x000000008018f750,0x0000000087e80000)
 Metaspace       used 13227K, capacity 13454K, committed 13696K, reserved 1060864K
  class space    used 1773K, capacity 1817K, committed 1920K, reserved 1048576K
}
Event: 0.966 GC heap before
{Heap before GC invocations=8 (full 0):
 PSYoungGen      total 5632K, used 5522K [0x00000000d5580000, 0x00000000d6180000, 0x0000000100000000)
  eden space 4096K, 100% used [0x00000000d5580000,0x00000000d5980000,0x00000000d5980000)
  from space 1536K, 92% used [0x00000000d5980000,0x00000000d5ae49b8,0x00000000d5b00000)
  to   space 2048K, 0% used [0x00000000d5f80000,0x00000000d5f80000,0x00000000d6180000)
 ParOldGen       total 129536K, used 1597K [0x0000000080000000, 0x0000000087e80000, 0x00000000d5580000)
  object space 129536K, 1% used [0x0000000080000000,0x000000008018f750,0x0000000087e80000)
 Metaspace       used 14670K, capacity 14930K, committed 15104K, reserved 1062912K
  class space    used 1928K, capacity 2013K, committed 2048K, reserved 1048576K
Event: 0.969 GC heap after
Heap after GC invocations=8 (full 0):
 PSYoungGen      total 9728K, used 2044K [0x00000000d5580000, 0x00000000d6280000, 0x0000000100000000)
  eden space 7680K, 0% used [0x00000000d5580000,0x00000000d5580000,0x00000000d5d00000)
  from space 2048K, 99% used [0x00000000d5f80000,0x00000000d617f078,0x00000000d6180000)
  to   space 2560K, 0% used [0x00000000d5d00000,0x00000000d5d00000,0x00000000d5f80000)
 ParOldGen       total 129536K, used 1972K [0x0000000080000000, 0x0000000087e80000, 0x00000000d5580000)
  object space 129536K, 1% used [0x0000000080000000,0x00000000801ed198,0x0000000087e80000)
 Metaspace       used 14670K, capacity 14930K, committed 15104K, reserved 1062912K
  class space    used 1928K, capacity 2013K, committed 2048K, reserved 1048576K
}
Event: 1.414 GC heap before
{Heap before GC invocations=9 (full 0):
 PSYoungGen      total 9728K, used 9724K [0x00000000d5580000, 0x00000000d6280000, 0x0000000100000000)
  eden space 7680K, 100% used [0x00000000d5580000,0x00000000d5d00000,0x00000000d5d00000)
  from space 2048K, 99% used [0x00000000d5f80000,0x00000000d617f078,0x00000000d6180000)
  to   space 2560K, 0% used [0x00000000d5d00000,0x00000000d5d00000,0x00000000d5f80000)
 ParOldGen       total 129536K, used 1972K [0x0000000080000000, 0x0000000087e80000, 0x00000000d5580000)
  object space 129536K, 1% used [0x0000000080000000,0x00000000801ed198,0x0000000087e80000)
 Metaspace       used 15474K, capacity 15722K, committed 16000K, reserved 1062912K
  class space    used 2020K, capacity 2081K, committed 2176K, reserved 1048576K
Event: 1.426 GC heap after
Heap after GC invocations=9 (full 0):
 PSYoungGen      total 10240K, used 2471K [0x00000000d5580000, 0x00000000d6780000, 0x0000000100000000)
  eden space 7680K, 0% used [0x00000000d5580000,0x00000000d5580000,0x00000000d5d00000)
  from space 2560K, 96% used [0x00000000d5d00000,0x00000000d5f69c28,0x00000000d5f80000)
  to   space 3072K, 0% used [0x00000000d6480000,0x00000000d6480000,0x00000000d6780000)
 ParOldGen       total 129536K, used 2364K [0x0000000080000000, 0x0000000087e80000, 0x00000000d5580000)
  object space 129536K, 1% used [0x0000000080000000,0x000000008024f198,0x0000000087e80000)
 Metaspace       used 15474K, capacity 15722K, committed 16000K, reserved 1062912K
  class space    used 2020K, capacity 2081K, committed 2176K, reserved 1048576K
}
Event: 2.199 GC heap before
{Heap before GC invocations=10 (full 0):
 PSYoungGen      total 10240K, used 10151K [0x00000000d5580000, 0x00000000d6780000, 0x0000000100000000)
  eden space 7680K, 100% used [0x00000000d5580000,0x00000000d5d00000,0x00000000d5d00000)
  from space 2560K, 96% used [0x00000000d5d00000,0x00000000d5f69c28,0x00000000d5f80000)
  to   space 3072K, 0% used [0x00000000d6480000,0x00000000d6480000,0x00000000d6780000)
 ParOldGen       total 129536K, used 2364K [0x0000000080000000, 0x0000000087e80000, 0x00000000d5580000)
  object space 129536K, 1% used [0x0000000080000000,0x000000008024f198,0x0000000087e80000)
 Metaspace       used 15656K, capacity 15888K, committed 16256K, reserved 1062912K
  class space    used 2031K, capacity 2114K, committed 2176K, reserved 1048576K
Event: 2.201 GC heap after
Heap after GC invocations=10 (full 0):
 PSYoungGen      total 15360K, used 256K [0x00000000d5580000, 0x00000000d6780000, 0x0000000100000000)
  eden space 12288K, 0% used [0x00000000d5580000,0x00000000d5580000,0x00000000d6180000)
  from space 3072K, 8% used [0x00000000d6480000,0x00000000d64c0000,0x00000000d6780000)
  to   space 3072K, 0% used [0x00000000d6180000,0x00000000d6180000,0x00000000d6480000)
 ParOldGen       total 129536K, used 3676K [0x0000000080000000, 0x0000000087e80000, 0x00000000d5580000)
  object space 129536K, 2% used [0x0000000080000000,0x00000000803972b0,0x0000000087e80000)
 Metaspace       used 15656K, capacity 15888K, committed 16256K, reserved 1062912K
  class space    used 2031K, capacity 2114K, committed 2176K, reserved 1048576K
}

Deoptimization events (6 events):
Event: 0.865 Thread 0x0000000059e95800 Uncommon trap: reason=unreached action=reinterpret pc=0x0000000002a2e90c method=java.util.HashMap.getNode(ILjava/lang/Object;)Ljava/util/HashMap$Node; @ 84
Event: 1.029 Thread 0x0000000059bc6800 Uncommon trap: reason=null_check action=make_not_entrant pc=0x0000000002bcfdc8 method=com.sun.jna.Function.invoke(Ljava/lang/Class;[Ljava/lang/Object;Ljava/util/Map;)Ljava/lang/Object; @ 152
Event: 1.257 Thread 0x0000000059c03800 Uncommon trap: reason=class_check action=maybe_recompile pc=0x00000000029d3218 method=java.lang.String.equals(Ljava/lang/Object;)Z @ 8
Event: 1.257 Thread 0x0000000059c03800 Uncommon trap: reason=class_check action=maybe_recompile pc=0x00000000029d3218 method=java.lang.String.equals(Ljava/lang/Object;)Z @ 8
Event: 1.470 Thread 0x0000000059c03800 Uncommon trap: reason=class_check action=maybe_recompile pc=0x00000000029d3218 method=java.lang.String.equals(Ljava/lang/Object;)Z @ 8
Event: 1.470 Thread 0x0000000059c03800 Uncommon trap: reason=class_check action=maybe_recompile pc=0x00000000029d3218 method=java.lang.String.equals(Ljava/lang/Object;)Z @ 8

Internal exceptions (10 events):
Event: 0.874 Thread 0x0000000059e95800 Exception <a 'java/security/PrivilegedActionException'> (0x00000000d56a4758) thrown at [C:\re\workspace\8-2-build-windows-amd64-cygwin\jdk8u11\648\hotspot\src\share\vm\prims\jvm.cpp, line 1248]
Event: 0.874 Thread 0x0000000059e95800 Exception <a 'java/security/PrivilegedActionException'> (0x00000000d56c5088) thrown at [C:\re\workspace\8-2-build-windows-amd64-cygwin\jdk8u11\648\hotspot\src\share\vm\prims\jvm.cpp, line 1248]
Event: 0.874 Thread 0x0000000059e95800 Exception <a 'java/security/PrivilegedActionException'> (0x00000000d56c8100) thrown at [C:\re\workspace\8-2-build-windows-amd64-cygwin\jdk8u11\648\hotspot\src\share\vm\prims\jvm.cpp, line 1248]
Event: 1.029 Thread 0x0000000059bc6800 Exception <a 'java/security/PrivilegedActionException'> (0x00000000d5580590) thrown at [C:\re\workspace\8-2-build-windows-amd64-cygwin\jdk8u11\648\hotspot\src\share\vm\prims\jvm.cpp, line 1248]
Event: 1.105 Thread 0x0000000059e95800 Exception <a 'java/security/PrivilegedActionException'> (0x00000000d59a1780) thrown at [C:\re\workspace\8-2-build-windows-amd64-cygwin\jdk8u11\648\hotspot\src\share\vm\prims\jvm.cpp, line 1248]
Event: 1.125 Thread 0x0000000059e95800 Exception <a 'java/security/PrivilegedActionException'> (0x00000000d5ab6ae8) thrown at [C:\re\workspace\8-2-build-windows-amd64-cygwin\jdk8u11\648\hotspot\src\share\vm\prims\jvm.cpp, line 1248]
Event: 1.171 Thread 0x0000000059e94800 Exception <a 'java/security/PrivilegedActionException'> (0x00000000d5aff1c8) thrown at [C:\re\workspace\8-2-build-windows-amd64-cygwin\jdk8u11\648\hotspot\src\share\vm\prims\jvm.cpp, line 1248]
Event: 1.386 Thread 0x0000000059e95800 Exception <a 'java/security/PrivilegedActionException'> (0x00000000d5c389d8) thrown at [C:\re\workspace\8-2-build-windows-amd64-cygwin\jdk8u11\648\hotspot\src\share\vm\prims\jvm.cpp, line 1248]
Event: 1.387 Thread 0x0000000059e95800 Exception <a 'java/security/PrivilegedActionException'> (0x00000000d5c3c7e0) thrown at [C:\re\workspace\8-2-build-windows-amd64-cygwin\jdk8u11\648\hotspot\src\share\vm\prims\jvm.cpp, line 1248]
Event: 1.395 Thread 0x0000000059e95800 Exception <a 'java/security/PrivilegedActionException'> (0x00000000d5c73400) thrown at [C:\re\workspace\8-2-build-windows-amd64-cygwin\jdk8u11\648\hotspot\src\share\vm\prims\jvm.cpp, line 1248]

Events (10 events):
Event: 2.879 Thread 0x000000005a157800 Thread added: 0x000000005a157800
Event: 2.879 Thread 0x000000005a158800 Thread added: 0x000000005a158800
Event: 2.879 Thread 0x000000005a159000 Thread added: 0x000000005a159000
Event: 2.880 Thread 0x000000005a157800 Thread exited: 0x000000005a157800
Event: 2.880 Thread 0x000000005a157000 Thread exited: 0x000000005a157000
Event: 2.880 loading class sun/java2d/pipe/hw/AccelDeviceEventNotifier
Event: 2.880 loading class sun/java2d/pipe/hw/AccelDeviceEventNotifier done
Event: 2.880 loading class java/util/Vector$Itr
Event: 2.880 loading class java/util/Vector$Itr done
Event: 2.881 Thread 0x000000005a159000 Thread exited: 0x000000005a159000


Dynamic libraries:
0x000000013f550000 - 0x000000013f584000 	H:\JAVA\jre8\bin\javaw.exe
0x0000000077bf0000 - 0x0000000077d99000 	C:\Windows\SYSTEM32\ntdll.dll
0x00000000779d0000 - 0x0000000077aef000 	C:\Windows\system32\kernel32.dll
0x000007fefdaa0000 - 0x000007fefdb0c000 	C:\Windows\system32\KERNELBASE.dll
0x000007feffbd0000 - 0x000007feffcab000 	C:\Windows\system32\ADVAPI32.dll
0x000007fefe500000 - 0x000007fefe59f000 	C:\Windows\system32\msvcrt.dll
0x000007fefe6a0000 - 0x000007fefe6bf000 	C:\Windows\SYSTEM32\sechost.dll
0x000007fefe3d0000 - 0x000007fefe4fd000 	C:\Windows\system32\RPCRT4.dll
0x0000000077af0000 - 0x0000000077bea000 	C:\Windows\system32\USER32.dll
0x000007feffcb0000 - 0x000007feffd17000 	C:\Windows\system32\GDI32.dll
0x000007fefe6e0000 - 0x000007fefe6ee000 	C:\Windows\system32\LPK.dll
0x000007fefe5a0000 - 0x000007fefe669000 	C:\Windows\system32\USP10.dll
0x000007fefbf80000 - 0x000007fefc174000 	C:\Windows\WinSxS\amd64_microsoft.windows.common-controls_6595b64144ccf1df_6.0.7601.17514_none_fa396087175ac9ac\COMCTL32.dll
0x000007feffb40000 - 0x000007feffbb1000 	C:\Windows\system32\SHLWAPI.dll
0x000007fefe670000 - 0x000007fefe69e000 	C:\Windows\system32\IMM32.DLL
0x000007fefdf90000 - 0x000007fefe099000 	C:\Windows\system32\MSCTF.dll
0x000000006f8c0000 - 0x000000006f992000 	H:\JAVA\jre8\bin\msvcr100.dll
0x0000000069d50000 - 0x000000006a57a000 	H:\JAVA\jre8\bin\server\jvm.dll
0x000007fef2200000 - 0x000007fef2209000 	C:\Windows\system32\WSOCK32.dll
0x000007feffaf0000 - 0x000007feffb3d000 	C:\Windows\system32\WS2_32.dll
0x000007feffbc0000 - 0x000007feffbc8000 	C:\Windows\system32\NSI.dll
0x000007fefa8b0000 - 0x000007fefa8eb000 	C:\Windows\system32\WINMM.dll
0x0000000077dc0000 - 0x0000000077dc7000 	C:\Windows\system32\PSAPI.DLL
0x00000000725a0000 - 0x00000000725af000 	H:\JAVA\jre8\bin\verify.dll
0x00000000701b0000 - 0x00000000701d8000 	H:\JAVA\jre8\bin\java.dll
0x0000000071810000 - 0x0000000071826000 	H:\JAVA\jre8\bin\zip.dll
0x000007fefed60000 - 0x000007feffae8000 	C:\Windows\system32\SHELL32.dll
0x000007fefeb50000 - 0x000007fefed53000 	C:\Windows\system32\ole32.dll
0x000007fefda00000 - 0x000007fefda0f000 	C:\Windows\system32\profapi.dll
0x0000000071560000 - 0x00000000716f6000 	H:\JAVA\jre8\bin\awt.dll
0x000007fefea70000 - 0x000007fefeb47000 	C:\Windows\system32\OLEAUT32.dll
0x000007fefbbb0000 - 0x000007fefbbc8000 	C:\Windows\system32\DWMAPI.DLL
0x000007fefc2b0000 - 0x000007fefc306000 	C:\Windows\system32\uxtheme.dll
0x0000000073b10000 - 0x0000000073b44000 	C:\Fraps\fraps64.dll
0x000007fefd8a0000 - 0x000007fefd8af000 	C:\Windows\system32\CRYPTBASE.dll
0x000007fefcad0000 - 0x000007fefcadc000 	C:\Windows\system32\VERSION.dll
0x0000000180000000 - 0x0000000180142000 	C:\Windows\system32\nvspcap64.dll
0x000007fefdc50000 - 0x000007fefddbc000 	C:\Windows\system32\CRYPT32.dll
0x000007fefda10000 - 0x000007fefda1f000 	C:\Windows\system32\MSASN1.dll
0x000007fefa440000 - 0x000007fefa773000 	C:\Windows\system32\nvapi64.dll
0x000007feffd20000 - 0x000007feffef7000 	C:\Windows\system32\SETUPAPI.dll
0x000007fefda50000 - 0x000007fefda86000 	C:\Windows\system32\CFGMGR32.dll
0x000007fefdc30000 - 0x000007fefdc4a000 	C:\Windows\system32\DEVOBJ.dll
0x000007fefd240000 - 0x000007fefd257000 	C:\Windows\system32\CRYPTSP.dll
0x000007fefcf40000 - 0x000007fefcf87000 	C:\Windows\system32\rsaenh.dll
0x000007fefdbd0000 - 0x000007fefdbee000 	C:\Windows\system32\USERENV.dll
0x0000000070ad0000 - 0x0000000070aea000 	H:\JAVA\jre8\bin\net.dll
0x000007fefd1e0000 - 0x000007fefd235000 	C:\Windows\system32\mswsock.dll
0x000007fefd1d0000 - 0x000007fefd1d7000 	C:\Windows\System32\wship6.dll
0x000007fefb550000 - 0x000007fefb577000 	C:\Windows\system32\IPHLPAPI.DLL
0x000007fefb540000 - 0x000007fefb54b000 	C:\Windows\system32\WINNSI.DLL
0x000007fefb3d0000 - 0x000007fefb3e1000 	C:\Windows\system32\dhcpcsvc6.DLL
0x000007fefb350000 - 0x000007fefb368000 	C:\Windows\system32\dhcpcsvc.DLL
0x0000000074160000 - 0x0000000074190000 	H:\JAVA\jre8\bin\jpeg.dll
0x0000000070190000 - 0x00000000701a1000 	H:\JAVA\jre8\bin\nio.dll
0x0000000074290000 - 0x000000007429d000 	H:\JAVA\jre8\bin\management.dll
0x000007fefb860000 - 0x000007fefb875000 	C:\Windows\system32\NLAapi.dll
0x000007fef8110000 - 0x000007fef8125000 	C:\Windows\system32\napinsp.dll
0x000007fef8130000 - 0x000007fef8149000 	C:\Windows\system32\pnrpnsp.dll
0x000007fefd060000 - 0x000007fefd0bb000 	C:\Windows\system32\DNSAPI.dll
0x000007fefa000000 - 0x000007fefa00b000 	C:\Windows\System32\winrnr.dll
0x000007fefcba0000 - 0x000007fefcba7000 	C:\Windows\System32\wshtcpip.dll
0x000007fef9fc0000 - 0x000007fef9fc8000 	C:\Windows\system32\rasadhlp.dll
0x000007fefb440000 - 0x000007fefb493000 	C:\Windows\System32\fwpuclnt.dll
0x0000000074190000 - 0x00000000741d7000 	H:\JAVA\jre8\bin\fontmanager.dll
0x000007fefe930000 - 0x000007fefe9c9000 	C:\Windows\system32\CLBCatQ.DLL
0x000007fefba00000 - 0x000007fefbb61000 	C:\Windows\system32\WindowsCodecs.dll
0x000007fefd840000 - 0x000007fefd897000 	C:\Windows\system32\apphelp.dll
0x000007fef77f0000 - 0x000007fef7825000 	C:\Windows\system32\EhStorShell.dll
0x000007fefc570000 - 0x000007fefc69c000 	C:\Windows\system32\PROPSYS.dll
0x000007fef7390000 - 0x000007fef7450000 	C:\Program Files (x86)\Google\Drive\googledrivesync64.dll
0x00000000704a0000 - 0x0000000070573000 	C:\Windows\WinSxS\amd64_microsoft.vc90.crt_1fc8b3b9a1e18e3b_9.0.30729.6161_none_08e61857a83bc251\MSVCP90.dll
0x00000000703f0000 - 0x0000000070493000 	C:\Windows\WinSxS\amd64_microsoft.vc90.crt_1fc8b3b9a1e18e3b_9.0.30729.6161_none_08e61857a83bc251\MSVCR90.dll
0x000007fef72b0000 - 0x000007fef732e000 	C:\Windows\System32\cscui.dll
0x000007fef72a0000 - 0x000007fef72ac000 	C:\Windows\System32\CSCDLL.dll
0x000007fef9d40000 - 0x000007fef9d4f000 	C:\Windows\system32\CSCAPI.dll
0x000007fef7220000 - 0x000007fef72a0000 	C:\Windows\system32\ntshrui.dll
0x000007fefd4e0000 - 0x000007fefd503000 	C:\Windows\system32\srvcli.dll
0x000007fefb610000 - 0x000007fefb61b000 	C:\Windows\system32\slc.dll
0x0000000073fb0000 - 0x0000000073ff1000 	H:\JAVA\jre8\bin\t2k.dll
0x0000000002420000 - 0x0000000002444000 	H:\JAVA\jre8\bin\sunec.dll
0x000007fef0b10000 - 0x000007fef0c35000 	C:\Windows\system32\dbghelp.dll

VM Arguments:
jvm_args: -Dfile.encoding=Cp1252 
java_command: Launcher
java_class_path (initial): H:\JAVA\Workspace\AlphaPilote\bin;H:\JAVA\Workspace\AlphaPilote\forms-1.3.0.jar;H:\JAVA\Workspace\AlphaPilote\SwingX\swingx-all-1.6.4.jar;H:\JAVA\Workspace\AlphaPilote\Jasypt\icu4j-3.4.4.jar;H:\JAVA\Workspace\AlphaPilote\Jasypt\jasypt-1.9.2-javadoc.jar;H:\JAVA\Workspace\AlphaPilote\Jasypt\jasypt-1.9.2-lite.jar;H:\JAVA\Workspace\AlphaPilote\Jasypt\jasypt-1.9.2-sources.jar;H:\JAVA\Workspace\AlphaPilote\Jasypt\jasypt-1.9.2.jar;H:\JAVA\Workspace\AlphaPilote\Jasypt\jasypt-acegisecurity-1.9.2-javadoc.jar;H:\JAVA\Workspace\AlphaPilote\Jasypt\jasypt-acegisecurity-1.9.2-sources.jar;H:\JAVA\Workspace\AlphaPilote\Jasypt\jasypt-acegisecurity-1.9.2.jar;H:\JAVA\Workspace\AlphaPilote\Jasypt\jasypt-hibernate3-1.9.2-javadoc.jar;H:\JAVA\Workspace\AlphaPilote\Jasypt\jasypt-hibernate3-1.9.2-sources.jar;H:\JAVA\Workspace\AlphaPilote\Jasypt\jasypt-hibernate3-1.9.2.jar;H:\JAVA\Workspace\AlphaPilote\Jasypt\jasypt-hibernate4-1.9.2-javadoc.jar;H:\JAVA\Workspace\AlphaPilote\Jasypt\jasypt-hibernate4-1.9.2-sources.jar;H:\JAVA\Workspace\AlphaPilote\Jasypt\jasypt-hibernate4-1.9.2.jar;H:\JAVA\Workspace\AlphaPilote\Jasypt\jasypt-spring2-1.9.2-javadoc.jar;H:\JAVA\Workspace\AlphaPilote\Jasypt\jasypt-spring2-1.9.2-sources.jar;H:\JAVA\Workspace\AlphaPilote\Jasypt\jasypt-spring2-1.9.2.jar;H:\JAVA\Workspace\AlphaPilote\Jasypt\jasypt-spring3-1.9.2-javadoc.jar;H:\JAVA\Workspace\AlphaPilote\Jasypt\jasypt-spring3-1.9.2-sources.jar;H:\JAVA\Workspace\AlphaPilote\Jasypt\jasypt-spring3-1.9.2.jar;H:\JAVA\Workspace\AlphaPilote\Jasypt\jasypt-spring31-1.9.2-javadoc.jar;H:\JAVA\Workspace\AlphaPilote\Jasypt\jasypt-spring31-1.9.2-sources.jar;H:\JAVA\Workspace\AlphaPilote\Jasypt\jasypt-spring31-1.9.2.jar;H:\JAVA\Workspace\AlphaPilote\Jasypt\jasypt-springsecurity2-1.9.2-javadoc.jar;H:\JAVA\Workspace\AlphaPilote\Jasypt\jasypt-springsecurity2-1.9.2-sources.jar;H:\JAVA\Workspace\AlphaPilote\Jasypt\jasypt-springsecurity2-1.9.2.jar;H:\JAVA\Workspace\AlphaPilote\Jasypt\jasypt-springsecurity3-1.9.2-
Launcher Type: SUN_STANDARD

Environment Variables:
PATH=C:\Program Files (x86)\NVIDIA Corporation\PhysX\Common;C:\Windows\system32;C:\Windows;C:\Windows\System32\Wbem;C:\Windows\System32\WindowsPowerShell\v1.0\
USERNAME=Etienne
OS=Windows_NT
PROCESSOR_IDENTIFIER=Intel64 Family 6 Model 30 Stepping 5, GenuineIntel



---------------  S Y S T E M  ---------------

OS: Windows 7 , 64 bit Build 7601 Service Pack 1

CPU:total 4 (4 cores per cpu, 2 threads per core) family 6 model 30 stepping 5, cmov, cx8, fxsr, mmx, sse, sse2, sse3, ssse3, sse4.1, sse4.2, popcnt, ht, tsc, tscinvbit

Memory: 4k page, physical 8386612k(1019492k free), swap 12480748k(2906972k free)

vm_info: Java HotSpot(TM) 64-Bit Server VM (25.11-b03) for windows-amd64 JRE (1.8.0_11-b12), built on Jun 16 2014 20:57:32 by "java_re" with MS VC++ 10.0 (VS2010)

time: Tue Aug 19 17:28:52 2014
elapsed time: 2 seconds

